<?xml version="1.0" encoding="UTF-8"?>
<testng-results ignored="0" total="1" passed="1" failed="0" skipped="0">
  <reporter-output>
  </reporter-output>
  <suite started-at="2023-03-23T22:47:44 IST" name="Default suite" finished-at="2023-03-23T22:47:52 IST" duration-ms="7551">
    <groups>
    </groups>
    <test started-at="2023-03-23T22:47:44 IST" name="Default test" finished-at="2023-03-23T22:47:52 IST" duration-ms="7551">
      <class name="com.qa.testcases.searchTestCase">
        <test-method is-config="true" signature="PreReq()[pri:0, instance:com.qa.testcases.searchTestCase@659499f1]" started-at="2023-03-23T22:47:44 IST" name="PreReq" finished-at="2023-03-23T22:47:49 IST" duration-ms="4683" status="PASS">
          <reporter-output>
          </reporter-output>
        </test-method> <!-- PreReq -->
        <test-method signature="seachTest()[pri:0, instance:com.qa.testcases.searchTestCase@659499f1]" started-at="2023-03-23T22:47:49 IST" name="seachTest" finished-at="2023-03-23T22:47:51 IST" duration-ms="2828" status="PASS">
          <reporter-output>
          </reporter-output>
        </test-method> <!-- seachTest -->
      </class> <!-- com.qa.testcases.searchTestCase -->
    </test> <!-- Default test -->
  </suite> <!-- Default suite -->
</testng-results>
